<?xml version="1.0" encoding="UTF-8"?>
<testng-results ignored="0" total="1" passed="1" failed="0" skipped="0">
  <reporter-output>
    <line>
      <![CDATA[parameter received from jenkins is = bangalore]]>
    </line>
  </reporter-output>
  <suite started-at="2023-06-19T12:40:22Z" name="Default suite" finished-at="2023-06-19T12:40:22Z" duration-ms="36">
    <groups>
    </groups>
    <test started-at="2023-06-19T12:40:22Z" name="Default test" finished-at="2023-06-19T12:40:22Z" duration-ms="36">
      <class name="day21.Demo1">
        <test-method signature="test(java.lang.String)[pri:0, instance:day21.Demo1@2b30a42c]" started-at="2023-06-19T12:40:22Z" name="test" finished-at="2023-06-19T12:40:22Z" duration-ms="10" status="PASS">
          <params>
            <param index="0">
              <value>
                <![CDATA[bangalore]]>
              </value>
            </param>
          </params>
          <reporter-output>
            <line>
              <![CDATA[parameter received from jenkins is = bangalore]]>
            </line>
          </reporter-output>
        </test-method> <!-- test -->
      </class> <!-- day21.Demo1 -->
    </test> <!-- Default test -->
  </suite> <!-- Default suite -->
</testng-results>
